[INFO] Scanning for projects...
[INFO] 
[INFO] ------< org.example.t801dimanprj.job:Job_extractMySQL_loadTarget >------
[INFO] Building T801DIMANPRJ Job_extractMySQL_loadTarget-0.1.0 (0.1,Job Designs) 0.1.0
[INFO]   from pom.xml
[INFO] --------------------------------[ jar ]---------------------------------
[WARNING] The POM for org.apache.commons:commons-lang3:jar:3.10 is missing, no dependency information available
[WARNING] The POM for org.ow2.asm:asm:jar:9.3 is missing, no dependency information available
[WARNING] The POM for com.fasterxml.jackson.core:jackson-core:jar:2.14.0 is missing, no dependency information available
[WARNING] The POM for com.fasterxml.jackson.core:jackson-annotations:jar:2.14.0 is missing, no dependency information available
[INFO] 
[INFO] --- builder:8.0.18:generate (default) @ Job_extractMySQL_loadTarget ---
[INFO] Skipping ci-builder
[INFO] 
[INFO] --- resources:3.3.1:resources (default-resources) @ Job_extractMySQL_loadTarget ---
[WARNING] Using platform encoding (UTF-8 actually) to copy filtered resources, i.e. build is platform dependent!
[INFO] Copying 2 resources from src\main\resources to target\classes
[INFO] 
[INFO] --- compiler:3.11.0:compile (default-compile) @ Job_extractMySQL_loadTarget ---
[WARNING] The POM for org.codehaus.plexus:plexus-archiver:jar:4.7.1 is missing, no dependency information available
[WARNING] The POM for org.bouncycastle:bcpg-jdk18on:jar:1.73 is missing, no dependency information available
[WARNING] The POM for org.bouncycastle:bcprov-jdk18on:jar:1.73 is missing, no dependency information available
[WARNING] The POM for org.bouncycastle:bcpg-jdk18on:jar:1.71 is missing, no dependency information available
[WARNING] The POM for org.bouncycastle:bcpg-jdk18on:jar:1.71.1 is missing, no dependency information available
[WARNING] The POM for org.bouncycastle:bcpg-jdk18on:jar:1.72 is missing, no dependency information available
[WARNING] The POM for org.bouncycastle:bcpg-jdk18on:jar:1.72.1 is missing, no dependency information available
[WARNING] The POM for org.bouncycastle:bcpg-jdk18on:jar:1.72.2 is missing, no dependency information available
[WARNING] The POM for org.bouncycastle:bcpg-jdk18on:jar:1.77 is missing, no dependency information available
[WARNING] The POM for org.apache.commons:commons-compress:jar:1.23.0 is missing, no dependency information available
[WARNING] The POM for commons-io:commons-io:jar:2.6 is missing, no dependency information available
[INFO] Not compiling main sources
[INFO] 
[INFO] --- resources:3.3.1:testResources (default-testResources) @ Job_extractMySQL_loadTarget ---
[INFO] Not copying test resources
[INFO] 
[INFO] --- compiler:3.11.0:testCompile (default-testCompile) @ Job_extractMySQL_loadTarget ---
[INFO] Not compiling test sources
[INFO] 
[INFO] --- surefire:3.3.0:test (default-test) @ Job_extractMySQL_loadTarget ---
[WARNING] The POM for org.codehaus.plexus:plexus-utils:jar:4.0.1 is missing, no dependency information available
[INFO] Tests are skipped.
[INFO] 
[INFO] --- jar:3.3.0:jar (default-jar) @ Job_extractMySQL_loadTarget ---
[WARNING] The POM for org.codehaus.plexus:plexus-archiver:jar:4.4.0 is missing, no dependency information available
[INFO] Building jar: C:\Users\seanyoon\WorkspaceTalend\Talend801_Onprem-2098314403\T801DIMANPRJ\poms\jobs\process\job_extractmysql_loadtarget_0.1\target\job_extractmysql_loadtarget_0_1.jar
[INFO] 
[INFO] --- assembly:3.6.0:single (default) @ Job_extractMySQL_loadTarget ---
[WARNING] The POM for org.slf4j:slf4j-api:jar:1.7.30 is missing, no dependency information available
[WARNING] The POM for com.google.guava:guava:jar:25.1-android is missing, no dependency information available
[INFO] Reading assembly descriptor: C:\Users\seanyoon\WorkspaceTalend\Talend801_Onprem-2098314403\T801DIMANPRJ\poms\jobs\process\job_extractmysql_loadtarget_0.1/src/main/assemblies/assembly.xml
[INFO] Building zip: C:\Users\seanyoon\WorkspaceTalend\Talend801_Onprem-2098314403\T801DIMANPRJ\poms\jobs\process\job_extractmysql_loadtarget_0.1\target\job_extractmysql_loadtarget_0_1.zip
[INFO] 
[INFO] --- signer:8.0.12:sign (sign) @ Job_extractMySQL_loadTarget ---
[WARNING] The POM for org.codehaus.plexus:plexus-utils:jar:1.5.5 is missing, no dependency information available
[INFO] Start to sign the job artifact
[INFO] Start to sign artifact, the source file is job_extractmysql_loadtarget_0_1.zip and target file is job_extractmysql_loadtarget_0_1_sign_.zip
[INFO] ------------------------------------------------------------------------
[INFO] BUILD SUCCESS
[INFO] ------------------------------------------------------------------------
[INFO] Total time:  12.190 s
[INFO] Finished at: 2025-04-02T16:53:35+09:00
[INFO] ------------------------------------------------------------------------
