[INFO] Scanning for projects...
[INFO] 
[INFO] -------------------< org.example.ybprjgit.job:tGen >--------------------
[INFO] Building YBPRJGIT tGen-0.1.0 (0.1,Job Designs) 0.1.0
[INFO]   from pom.xml
[INFO] --------------------------------[ jar ]---------------------------------
[WARNING] The POM for com.fasterxml.jackson.core:jackson-core:jar:2.14.0 is missing, no dependency information available
[WARNING] The POM for com.fasterxml.jackson.core:jackson-annotations:jar:2.14.0 is missing, no dependency information available
[INFO] 
[INFO] --- builder:8.0.16:generate (default) @ tGen ---
[INFO] Skipping ci-builder
[INFO] 
[INFO] --- resources:3.3.1:resources (default-resources) @ tGen ---
[WARNING] Using platform encoding (UTF-8 actually) to copy filtered resources, i.e. build is platform dependent!
[INFO] Copying 1 resource from src\main\resources to target\classes
[INFO] 
[INFO] --- compiler:3.11.0:compile (default-compile) @ tGen ---
[WARNING] The POM for org.codehaus.plexus:plexus-archiver:jar:4.7.1 is missing, no dependency information available
[WARNING] The POM for org.bouncycastle:bcpg-jdk18on:jar:1.73 is missing, no dependency information available
[WARNING] The POM for org.bouncycastle:bcprov-jdk18on:jar:1.73 is missing, no dependency information available
[WARNING] The POM for org.bouncycastle:bcpg-jdk18on:jar:1.71 is missing, no dependency information available
[WARNING] The POM for org.bouncycastle:bcpg-jdk18on:jar:1.71.1 is missing, no dependency information available
[WARNING] The POM for org.bouncycastle:bcpg-jdk18on:jar:1.72 is missing, no dependency information available
[WARNING] The POM for org.bouncycastle:bcpg-jdk18on:jar:1.72.1 is missing, no dependency information available
[WARNING] The POM for org.bouncycastle:bcpg-jdk18on:jar:1.72.2 is missing, no dependency information available
[WARNING] The POM for org.apache.commons:commons-compress:jar:1.23.0 is missing, no dependency information available
[WARNING] The POM for commons-io:commons-io:jar:2.6 is missing, no dependency information available
[INFO] Not compiling main sources
[INFO] 
[INFO] --- resources:3.3.1:testResources (default-testResources) @ tGen ---
[INFO] Not copying test resources
[INFO] 
[INFO] --- compiler:3.11.0:testCompile (default-testCompile) @ tGen ---
[INFO] Not compiling test sources
[INFO] 
[INFO] --- surefire:3.2.5:test (default-test) @ tGen ---
[WARNING] The POM for org.apache.maven:maven-artifact:jar:3.2.5 is missing, no dependency information available
[WARNING] The POM for org.apache.maven:maven-core:jar:3.2.5 is missing, no dependency information available
[WARNING] The POM for org.apache.maven:maven-plugin-api:jar:3.2.5 is missing, no dependency information available
[INFO] Tests are skipped.
[INFO] 
[INFO] --- jar:3.3.0:jar (default-jar) @ tGen ---
[WARNING] The POM for org.codehaus.plexus:plexus-archiver:jar:4.4.0 is missing, no dependency information available
[INFO] Building jar: C:\Program Files (x86)\Talend-Studio\studio\workspace\Talend801_Onprem-2098314403\YBPRJGIT\poms\jobs\process\tgen_0.1\target\tgen_0_1.jar
[INFO] 
[INFO] --- assembly:3.6.0:single (default) @ tGen ---
[WARNING] The POM for org.slf4j:slf4j-api:jar:1.7.30 is missing, no dependency information available
[WARNING] The POM for com.google.guava:guava:jar:25.1-android is missing, no dependency information available
[INFO] Reading assembly descriptor: C:\Program Files (x86)\Talend-Studio\studio\workspace\Talend801_Onprem-2098314403\YBPRJGIT\poms\jobs\process\tgen_0.1/src/main/assemblies/assembly.xml
[INFO] Building zip: C:\Program Files (x86)\Talend-Studio\studio\workspace\Talend801_Onprem-2098314403\YBPRJGIT\poms\jobs\process\tgen_0.1\target\tgen_0_1.zip
[INFO] 
[INFO] --- signer:8.0.11:sign (sign) @ tGen ---
[WARNING] The POM for org.codehaus.plexus:plexus-utils:jar:1.5.5 is missing, no dependency information available
[INFO] Start to sign the job artifact
[INFO] Start to sign artifact, the source file is tgen_0_1.zip and target file is tgen_0_1_sign_.zip
[INFO] ------------------------------------------------------------------------
[INFO] BUILD SUCCESS
[INFO] ------------------------------------------------------------------------
[INFO] Total time:  5.950 s
[INFO] Finished at: 2025-02-21T16:51:04+09:00
[INFO] ------------------------------------------------------------------------
