[INFO] Scanning for projects...
[INFO] 
[INFO] --------< org.example.t801dilgeprj.job:ResetDatabasesForCDC001 >--------
[INFO] Building T801DILGEPRJ ResetDatabasesForCDC001-0.1.0 (0.1,Job Designs) 0.1.0
[INFO]   from pom.xml
[INFO] --------------------------------[ jar ]---------------------------------
[WARNING] The POM for org.apache.commons:commons-lang3:jar:3.10 is missing, no dependency information available
[WARNING] The POM for org.talend.components:talendcsv:jar:1.1.0 is missing, no dependency information available
[WARNING] The POM for com.fasterxml.jackson.core:jackson-core:jar:2.14.0 is missing, no dependency information available
[WARNING] The POM for com.fasterxml.jackson.core:jackson-annotations:jar:2.14.0 is missing, no dependency information available
[WARNING] The POM for org.ow2.asm:asm:jar:9.3 is missing, no dependency information available
[INFO] 
[INFO] --- resources:3.3.1:resources (default-resources) @ ResetDatabasesForCDC001 ---
[WARNING] Using platform encoding (UTF-8 actually) to copy filtered resources, i.e. build is platform dependent!
[INFO] Copying 1 resource from src\main\resources to target\classes
[INFO] 
[INFO] --- resources:3.3.1:copy-resources (copy-wsdl) @ ResetDatabasesForCDC001 ---
[WARNING] Using platform encoding (UTF-8 actually) to copy filtered resources, i.e. build is platform dependent!
[INFO] skip non existing resourceDirectory C:\Users\seanyoon\WorkspaceTalend_t801dilge\Talend801_Onprem-2098314403\T801DILGEPRJ\poms\jobs\process\CDC\resetdatabasesforcdc001_0.1\src\main\java\t801dilgeprj\resetdatabasesforcdc001_0_1\wsdl
[INFO] 
[INFO] --- compiler:3.11.0:compile (default-compile) @ ResetDatabasesForCDC001 ---
[WARNING] The POM for org.bouncycastle:bcpg-jdk18on:jar:1.77 is missing, no dependency information available
[WARNING] The POM for org.bouncycastle:bcprov-jdk18on:jar:1.77 is missing, no dependency information available
[WARNING] The POM for commons-codec:commons-codec:jar:1.17.0 is missing, no dependency information available
[WARNING] The POM for commons-io:commons-io:jar:2.16.1 is missing, no dependency information available
[WARNING] The POM for org.slf4j:slf4j-api:jar:2.0.13 is missing, no dependency information available
[WARNING] The POM for org.apache.commons:commons-compress:jar:1.23.0 is missing, no dependency information available
[WARNING] The POM for commons-io:commons-io:jar:2.6 is missing, no dependency information available
[INFO] Not compiling main sources
[INFO] 
[INFO] --- resources:3.3.1:testResources (default-testResources) @ ResetDatabasesForCDC001 ---
[INFO] Not copying test resources
[INFO] 
[INFO] --- compiler:3.11.0:testCompile (default-testCompile) @ ResetDatabasesForCDC001 ---
[INFO] Not compiling test sources
[INFO] 
[INFO] --- surefire:3.3.0:test (default-test) @ ResetDatabasesForCDC001 ---
[INFO] Tests are skipped.
[INFO] 
[INFO] --- jar:3.3.0:jar (default-jar) @ ResetDatabasesForCDC001 ---
[WARNING] The POM for org.codehaus.plexus:plexus-archiver:jar:4.4.0 is missing, no dependency information available
[INFO] Building jar: C:\Users\seanyoon\WorkspaceTalend_t801dilge\Talend801_Onprem-2098314403\T801DILGEPRJ\poms\jobs\process\CDC\resetdatabasesforcdc001_0.1\target\resetdatabasesforcdc001_0_1.jar
[INFO] 
[INFO] --- assembly:3.6.0:single (default) @ ResetDatabasesForCDC001 ---
[WARNING] The POM for org.slf4j:slf4j-api:jar:1.7.30 is missing, no dependency information available
[WARNING] The POM for com.google.guava:guava:jar:25.1-android is missing, no dependency information available
[INFO] Reading assembly descriptor: C:\Users\seanyoon\WorkspaceTalend_t801dilge\Talend801_Onprem-2098314403\T801DILGEPRJ\poms\jobs\process\CDC\resetdatabasesforcdc001_0.1/src/main/assemblies/assembly.xml
[INFO] Building zip: C:\Users\seanyoon\WorkspaceTalend_t801dilge\Talend801_Onprem-2098314403\T801DILGEPRJ\poms\jobs\process\CDC\resetdatabasesforcdc001_0.1\target\resetdatabasesforcdc001_0_1.zip
[INFO] 
[INFO] --- signer:8.0.13:sign (sign) @ ResetDatabasesForCDC001 ---
[WARNING] The POM for org.codehaus.plexus:plexus-utils:jar:1.5.5 is missing, no dependency information available
[INFO] Start to sign the job artifact
[INFO] Start to sign artifact, the source file is resetdatabasesforcdc001_0_1.zip and target file is resetdatabasesforcdc001_0_1_sign_.zip
[INFO] ------------------------------------------------------------------------
[INFO] BUILD SUCCESS
[INFO] ------------------------------------------------------------------------
[INFO] Total time:  10.244 s
[INFO] Finished at: 2025-09-09T16:20:33+09:00
[INFO] ------------------------------------------------------------------------
